#
# There is insufficient memory for the Java Runtime Environment to continue.
# Native memory allocation (malloc) failed to allocate 453376 bytes for Chunk::new
# Possible reasons:
#   The system is out of physical RAM or swap space
#   In 32 bit mode, the process size limit was hit
# Possible solutions:
#   Reduce memory load on the system
#   Increase physical memory or swap space
#   Check if swap backing store is full
#   Use 64 bit Java on a 64 bit OS
#   Decrease Java heap size (-Xmx/-Xms)
#   Decrease number of Java threads
#   Decrease Java thread stack sizes (-Xss)
#   Set larger code cache with -XX:ReservedCodeCacheSize=
# This output file may be truncated or incomplete.
#
#  Out of Memory Error (allocation.cpp:390), pid=14088, tid=0x0000000000001ef4
#
# JRE version: Java(TM) SE Runtime Environment (8.0_101-b13) (build 1.8.0_101-b13)
# Java VM: Java HotSpot(TM) 64-Bit Server VM (25.101-b13 mixed mode windows-amd64 compressed oops)
# Failed to write core dump. Minidumps are not enabled by default on client versions of Windows
#

---------------  T H R E A D  ---------------

Current thread (0x00000000189e4800):  JavaThread "C2 CompilerThread1" daemon [_thread_in_native, id=7924, stack(0x00000000192a0000,0x00000000193a0000)]

Stack: [0x00000000192a0000,0x00000000193a0000]
[error occurred during error reporting (printing stack bounds), id 0xc0000005]

Native frames: (J=compiled Java code, j=interpreted, Vv=VM code, C=native code)


Current CompileTask:
C2:6764034 26159       4       java.lang.Enum::valueOf (73 bytes)


---------------  P R O C E S S  ---------------

Java Threads: ( => current thread )
  0x000000001db64800 JavaThread "Stdin handler" [_thread_blocked, id=4080, stack(0x0000000076bc0000,0x0000000076cc0000)]
  0x000000001db62000 JavaThread "Asynchronous log dispatcher for org.gradle.launcher.daemon.server.DefaultDaemonConnection@3319dd4" [_thread_blocked, id=8624, stack(0x0000000076ac0000,0x0000000076bc0000)]
  0x000000001db63800 JavaThread "Cancel handler" [_thread_blocked, id=18300, stack(0x00000000769c0000,0x0000000076ac0000)]
  0x000000001db68000 JavaThread "Handler for socket connection from /127.0.0.1:50507 to /127.0.0.1:52108" [_thread_in_native, id=15548, stack(0x00000000768c0000,0x00000000769c0000)]
  0x000000001db69000 JavaThread "Daemon worker Thread 12" [_thread_in_native, id=11860, stack(0x00000000754c0000,0x00000000755c0000)]
  0x000000001db63000 JavaThread "Daemon Thread 12" [_thread_blocked, id=1096, stack(0x00000000751c0000,0x00000000752c0000)]
  0x000000001dc68000 JavaThread "stdout" daemon [_thread_in_native, id=9772, stack(0x0000000054dd0000,0x0000000054ed0000)]
  0x000000001dc67000 JavaThread "stderr" daemon [_thread_in_native, id=18412, stack(0x0000000054cd0000,0x0000000054dd0000)]
  0x000000001dc68800 JavaThread "stdout" daemon [_thread_in_native, id=15356, stack(0x0000000054bd0000,0x0000000054cd0000)]
  0x000000001dc65800 JavaThread "stderr" daemon [_thread_in_native, id=14048, stack(0x0000000054ad0000,0x0000000054bd0000)]
  0x000000001dc66800 JavaThread "stdout" daemon [_thread_in_native, id=14644, stack(0x00000000549d0000,0x0000000054ad0000)]
  0x000000001dc65000 JavaThread "stderr" daemon [_thread_in_native, id=14688, stack(0x00000000548d0000,0x00000000549d0000)]
  0x000000001dc5d800 JavaThread "stdout" daemon [_thread_in_native, id=15544, stack(0x00000000547d0000,0x00000000548d0000)]
  0x000000001dc64000 JavaThread "stderr" daemon [_thread_in_native, id=9964, stack(0x00000000546d0000,0x00000000547d0000)]
  0x000000001dc5c800 JavaThread "stdout" daemon [_thread_in_native, id=796, stack(0x00000000545d0000,0x00000000546d0000)]
  0x000000001dc63800 JavaThread "stderr" daemon [_thread_in_native, id=17468, stack(0x00000000544d0000,0x00000000545d0000)]
  0x000000001dc5c000 JavaThread "stdout" daemon [_thread_in_native, id=15008, stack(0x00000000543d0000,0x00000000544d0000)]
  0x000000001dc62800 JavaThread "stderr" daemon [_thread_in_native, id=18052, stack(0x00000000542d0000,0x00000000543d0000)]
  0x000000001dc62000 JavaThread "stdout" daemon [_thread_in_native, id=2392, stack(0x00000000541d0000,0x00000000542d0000)]
  0x000000001dc5a800 JavaThread "stderr" daemon [_thread_in_native, id=3968, stack(0x00000000540d0000,0x00000000541d0000)]
  0x000000001dc5b000 JavaThread "stdout" daemon [_thread_in_native, id=8212, stack(0x0000000053fd0000,0x00000000540d0000)]
  0x000000001dc5f800 JavaThread "stderr" daemon [_thread_in_native, id=15560, stack(0x0000000053ed0000,0x0000000053fd0000)]
  0x000000001dc60800 JavaThread "stdout" daemon [_thread_in_native, id=18104, stack(0x0000000053dd0000,0x0000000053ed0000)]
  0x000000001dc5f000 JavaThread "stderr" daemon [_thread_in_native, id=11568, stack(0x0000000053cd0000,0x0000000053dd0000)]
  0x000000001dc61000 JavaThread "stdout" daemon [_thread_in_native, id=13788, stack(0x0000000053bd0000,0x0000000053cd0000)]
  0x000000001dc5e000 JavaThread "stderr" daemon [_thread_in_native, id=15056, stack(0x0000000053ad0000,0x0000000053bd0000)]
  0x000000001a69d800 JavaThread "stdout" daemon [_thread_in_native, id=10540, stack(0x00000000539d0000,0x0000000053ad0000)]
  0x000000001a69e000 JavaThread "stderr" daemon [_thread_in_native, id=15992, stack(0x00000000538d0000,0x00000000539d0000)]
  0x000000001a69a800 JavaThread "stdout" daemon [_thread_in_native, id=10968, stack(0x00000000537d0000,0x00000000538d0000)]
  0x00000000217bf000 JavaThread "stderr" daemon [_thread_in_native, id=1860, stack(0x00000000536d0000,0x00000000537d0000)]
  0x00000000217bd800 JavaThread "stdout" daemon [_thread_in_native, id=3016, stack(0x00000000535d0000,0x00000000536d0000)]
  0x00000000217be800 JavaThread "stderr" daemon [_thread_in_native, id=1276, stack(0x00000000534d0000,0x00000000535d0000)]
  0x00000000217ba800 JavaThread "stdout" daemon [_thread_in_native, id=7596, stack(0x00000000533d0000,0x00000000534d0000)]
  0x00000000217b9000 JavaThread "stderr" daemon [_thread_in_native, id=10760, stack(0x00000000532d0000,0x00000000533d0000)]
  0x00000000217b7800 JavaThread "stdout" daemon [_thread_in_native, id=1648, stack(0x00000000531d0000,0x00000000532d0000)]
  0x0000000020003800 JavaThread "stderr" daemon [_thread_in_native, id=9872, stack(0x00000000530d0000,0x00000000531d0000)]
  0x000000001fffb000 JavaThread "stdout" daemon [_thread_in_native, id=8880, stack(0x0000000052fd0000,0x00000000530d0000)]
  0x000000001fffe000 JavaThread "stderr" daemon [_thread_in_native, id=13620, stack(0x0000000052ed0000,0x0000000052fd0000)]
  0x0000000020001000 JavaThread "png-cruncher_24" daemon [_thread_blocked, id=10544, stack(0x0000000052cd0000,0x0000000052dd0000)]
  0x0000000020000800 JavaThread "png-cruncher_23" daemon [_thread_blocked, id=9640, stack(0x0000000052bd0000,0x0000000052cd0000)]
  0x000000001a8be800 JavaThread "png-cruncher_22" daemon [_thread_blocked, id=16256, stack(0x0000000052ad0000,0x0000000052bd0000)]
  0x000000001a8bd800 JavaThread "png-cruncher_21" daemon [_thread_blocked, id=17284, stack(0x00000000529d0000,0x0000000052ad0000)]
  0x000000001a8bd000 JavaThread "png-cruncher_20" daemon [_thread_blocked, id=6956, stack(0x00000000528d0000,0x00000000529d0000)]
  0x000000001a8bc000 JavaThread "png-cruncher_19" daemon [_thread_blocked, id=10156, stack(0x00000000527d0000,0x00000000528d0000)]
  0x000000001a8bf000 JavaThread "png-cruncher_18" daemon [_thread_blocked, id=4404, stack(0x00000000526d0000,0x00000000527d0000)]
  0x000000001a8b4800 JavaThread "png-cruncher_17" daemon [_thread_blocked, id=3428, stack(0x00000000525d0000,0x00000000526d0000)]
  0x000000001a8bb800 JavaThread "png-cruncher_16" daemon [_thread_blocked, id=12944, stack(0x00000000524d0000,0x00000000525d0000)]
  0x000000001a8ba800 JavaThread "png-cruncher_15" daemon [_thread_blocked, id=13900, stack(0x00000000523d0000,0x00000000524d0000)]
  0x000000001a8ba000 JavaThread "png-cruncher_14" daemon [_thread_blocked, id=8264, stack(0x00000000522d0000,0x00000000523d0000)]
  0x000000001a8b2800 JavaThread "png-cruncher_13" daemon [_thread_blocked, id=10720, stack(0x00000000521d0000,0x00000000522d0000)]
  0x000000001a8b9000 JavaThread "png-cruncher_12" daemon [_thread_blocked, id=6288, stack(0x00000000520d0000,0x00000000521d0000)]
  0x000000001a8b4000 JavaThread "png-cruncher_11" daemon [_thread_blocked, id=16180, stack(0x0000000051fd0000,0x00000000520d0000)]
  0x000000001a8b1800 JavaThread "png-cruncher_10" daemon [_thread_blocked, id=14996, stack(0x0000000051ed0000,0x0000000051fd0000)]
  0x000000001a8b1000 JavaThread "png-cruncher_9" daemon [_thread_blocked, id=5972, stack(0x0000000051dd0000,0x0000000051ed0000)]
  0x000000001cbfd800 JavaThread "pool-7-thread-4" [_thread_blocked, id=17552, stack(0x000000002a4d0000,0x000000002a5d0000)]
  0x000000001cbfb800 JavaThread "pool-7-thread-3" [_thread_blocked, id=18392, stack(0x0000000029ed0000,0x0000000029fd0000)]
  0x00000000217bd000 JavaThread "pool-7-thread-2" [_thread_blocked, id=13208, stack(0x00000000283d0000,0x00000000284d0000)]
  0x0000000020002000 JavaThread "pool-7-thread-1" [_thread_blocked, id=14844, stack(0x0000000026ed0000,0x0000000026fd0000)]
  0x000000001fff6000 JavaThread "stdout" daemon [_thread_in_native, id=14764, stack(0x00000000262d0000,0x00000000263d0000)]
  0x000000001fffc800 JavaThread "stderr" daemon [_thread_in_native, id=17912, stack(0x00000000261d0000,0x00000000262d0000)]
  0x000000001fff7800 JavaThread "stdout" daemon [_thread_in_native, id=1016, stack(0x00000000260d0000,0x00000000261d0000)]
  0x000000001fff5000 JavaThread "stderr" daemon [_thread_in_native, id=6264, stack(0x0000000025fd0000,0x00000000260d0000)]
  0x000000001fffc000 JavaThread "stdout" daemon [_thread_in_native, id=13548, stack(0x0000000025ed0000,0x0000000025fd0000)]
  0x000000001fff4800 JavaThread "stderr" daemon [_thread_in_native, id=14752, stack(0x0000000025dd0000,0x0000000025ed0000)]
  0x000000001fffa800 JavaThread "stdout" daemon [_thread_in_native, id=9744, stack(0x0000000025bd0000,0x0000000025cd0000)]
  0x000000001fff8000 JavaThread "stderr" daemon [_thread_in_native, id=15660, stack(0x0000000025ad0000,0x0000000025bd0000)]
  0x000000001fff6800 JavaThread "stdout" daemon [_thread_in_native, id=14732, stack(0x00000000259d0000,0x0000000025ad0000)]
  0x000000001fff9800 JavaThread "stderr" daemon [_thread_in_native, id=256, stack(0x00000000258d0000,0x00000000259d0000)]
  0x000000001fff9000 JavaThread "stdout" daemon [_thread_in_native, id=9984, stack(0x00000000257d0000,0x00000000258d0000)]
  0x00000000217c6800 JavaThread "stderr" daemon [_thread_in_native, id=7916, stack(0x00000000256d0000,0x00000000257d0000)]
  0x00000000217c6000 JavaThread "stdout" daemon [_thread_in_native, id=17932, stack(0x00000000255d0000,0x00000000256d0000)]
  0x00000000217c4800 JavaThread "stderr" daemon [_thread_in_native, id=11612, stack(0x00000000254d0000,0x00000000255d0000)]
  0x00000000217c5000 JavaThread "stdout" daemon [_thread_in_native, id=6624, stack(0x00000000253d0000,0x00000000254d0000)]
  0x00000000217c3800 JavaThread "stderr" daemon [_thread_in_native, id=8340, stack(0x00000000252d0000,0x00000000253d0000)]
  0x00000000217c3000 JavaThread "png-cruncher_8" daemon [_thread_blocked, id=16184, stack(0x00000000251d0000,0x00000000252d0000)]
  0x00000000217bb800 JavaThread "png-cruncher_7" daemon [_thread_blocked, id=15500, stack(0x00000000250d0000,0x00000000251d0000)]
  0x00000000217c2000 JavaThread "png-cruncher_6" daemon [_thread_blocked, id=1140, stack(0x0000000024fd0000,0x00000000250d0000)]
  0x00000000217c1800 JavaThread "png-cruncher_5" daemon [_thread_blocked, id=4704, stack(0x0000000024ed0000,0x0000000024fd0000)]
  0x00000000217bc000 JavaThread "png-cruncher_4" daemon [_thread_blocked, id=17796, stack(0x0000000024dd0000,0x0000000024ed0000)]
  0x00000000217ba000 JavaThread "png-cruncher_3" daemon [_thread_blocked, id=8540, stack(0x0000000024cd0000,0x0000000024dd0000)]
  0x00000000217c0800 JavaThread "png-cruncher_2" daemon [_thread_blocked, id=11728, stack(0x0000000024bd0000,0x0000000024cd0000)]
  0x00000000217c0000 JavaThread "png-cruncher_1" daemon [_thread_blocked, id=14908, stack(0x0000000024ad0000,0x0000000024bd0000)]
  0x000000001a699800 JavaThread "pool-2-thread-1" [_thread_blocked, id=2516, stack(0x000000001d7c0000,0x000000001d8c0000)]
  0x000000001a699000 JavaThread "File lock request listener" [_thread_in_native, id=8824, stack(0x000000001d6c0000,0x000000001d7c0000)]
  0x0000000019c3f000 JavaThread "Incoming local TCP Connector on port 50507" [_thread_in_native, id=8752, stack(0x000000001b3b0000,0x000000001b4b0000)]
  0x0000000019bb7800 JavaThread "pool-1-thread-1" [_thread_blocked, id=14396, stack(0x000000001b2b0000,0x000000001b3b0000)]
  0x0000000018a8a800 JavaThread "Service Thread" daemon [_thread_blocked, id=3748, stack(0x00000000195a0000,0x00000000196a0000)]
  0x00000000189f2000 JavaThread "C1 CompilerThread3" daemon [_thread_blocked, id=13380, stack(0x00000000194a0000,0x00000000195a0000)]
  0x00000000189e6000 JavaThread "C2 CompilerThread2" daemon [_thread_blocked, id=2448, stack(0x00000000193a0000,0x00000000194a0000)]
=>0x00000000189e4800 JavaThread "C2 CompilerThread1" daemon [_thread_in_native, id=7924, stack(0x00000000192a0000,0x00000000193a0000)]
  0x00000000189e2000 JavaThread "C2 CompilerThread0" daemon [_thread_blocked, id=6012, stack(0x00000000191a0000,0x00000000192a0000)]
  0x00000000189dc800 JavaThread "Attach Listener" daemon [_thread_blocked, id=9880, stack(0x00000000190a0000,0x00000000191a0000)]
  0x00000000189db800 JavaThread "Signal Dispatcher" daemon [_thread_blocked, id=5364, stack(0x0000000018fa0000,0x00000000190a0000)]
  0x00000000017fe000 JavaThread "Finalizer" daemon [_thread_blocked, id=16640, stack(0x0000000018db0000,0x0000000018eb0000)]
  0x00000000017f5000 JavaThread "Reference Handler" daemon [_thread_blocked, id=13492, stack(0x00000000188b0000,0x00000000189b0000)]
  0x0000000001700800 JavaThread "main" [_thread_blocked, id=1464, stack(0x00000000015a0000,0x00000000016a0000)]

Other Threads:
  0x0000000016ae9000 VMThread [stack: 0x00000000187b0000,0x00000000188b0000] [id=9012]
  0x0000000018a9d800 WatcherThread [stack: 0x00000000196a0000,0x00000000197a0000] [id=17968]

VM state:not at safepoint (normal execution)

VM Mutex/Monitor currently owned by a thread: None

Heap:
 PSYoungGen      total 353792K, used 239230K [0x00000000e0000000, 0x00000000ff800000, 0x0000000100000000)
  eden space 350208K, 68% used [0x00000000e0000000,0x00000000ee99fa78,0x00000000f5600000)
  from space 3584K, 0% used [0x00000000f5600000,0x00000000f5600000,0x00000000f5980000)
  to   space 82944K, 0% used [0x00000000fa700000,0x00000000fa700000,0x00000000ff800000)
 ParOldGen       total 220672K, used 48151K [0x00000000a0000000, 0x00000000ad780000, 0x00000000e0000000)
  object space 220672K, 21% used [0x00000000a0000000,0x00000000a2f05e58,0x00000000ad780000)
 Metaspace       used 73931K, capacity 78406K, committed 81280K, reserved 1120256K
  class space    used 9234K, capacity 9793K, committed 10624K, reserved 1048576K

Card table byte_map: [0x0000000001c80000,0x0000000001f90000] byte_map_base: 0x0000000001780000

Marking Bits: (ParMarkBitMap*) 0x00000000691ea6d0
 Begin Bits: [0x0000000012e00000, 0x0000000014600000)
 End Bits:   [0x0000000014600000, 0x0000000015e00000)

Polling page: 0x0000000001210000

CodeCache: size=245760Kb used=71266Kb max_used=71283Kb free=174493Kb
 bounds [0x0000000003400000, 0x0000000007a20000, 0x0000000012400000]
 total_blobs=19556 nmethods=18796 adapters=669
 compilation: enabled

Compilation events (10 events):
Event: 6762.154 Thread 0x00000000189e6000 26160       4       com.android.ide.common.xml.XmlAttributeSortOrder$1::compare (13 bytes)
Event: 6762.156 Thread 0x00000000189f2000 nmethod 26155 0x00000000079bccd0 code [0x00000000079bd180, 0x00000000079c0368]
Event: 6762.156 Thread 0x00000000189f2000 26156       3       com.android.manifmerger.XmlElement::calculateNodeOperationType (36 bytes)
Event: 6762.156 Thread 0x00000000189f2000 nmethod 26156 0x0000000006eae790 code [0x0000000006eae920, 0x0000000006eaede8]
Event: 6762.156 Thread 0x00000000189f2000 26157       1       com.android.manifmerger.NodeOperationType::isSelectable (5 bytes)
Event: 6762.156 Thread 0x00000000189f2000 nmethod 26157 0x00000000079bca10 code [0x00000000079bcb60, 0x00000000079bcc70]
Event: 6762.156 Thread 0x00000000189f2000 26161       3       com.android.ide.common.xml.XmlPrettyPrinter::<init> (28 bytes)
Event: 6762.157 Thread 0x00000000189f2000 nmethod 26161 0x00000000079bbfd0 code [0x00000000079bc180, 0x00000000079bc768]
Event: 6762.157 Thread 0x00000000189e2000 nmethod 26158 0x000000000787d810 code [0x000000000787d980, 0x000000000787dc78]
Event: 6762.186 Thread 0x00000000189e6000 nmethod 26160 0x00000000079de850 code [0x00000000079dea60, 0x00000000079e02c8]

GC Heap History (10 events):
Event: 5695.848 GC heap before
{Heap before GC invocations=108 (full 17):
 PSYoungGen      total 432640K, used 397597K [0x00000000e0000000, 0x0000000100000000, 0x0000000100000000)
  eden space 347136K, 99% used [0x00000000e0000000,0x00000000f52ba268,0x00000000f5300000)
  from space 85504K, 59% used [0x00000000fac80000,0x00000000fde0d220,0x0000000100000000)
  to   space 88576K, 0% used [0x00000000f5300000,0x00000000f5300000,0x00000000fa980000)
 ParOldGen       total 220672K, used 139341K [0x00000000a0000000, 0x00000000ad780000, 0x00000000e0000000)
  object space 220672K, 63% used [0x00000000a0000000,0x00000000a88135f8,0x00000000ad780000)
 Metaspace       used 74359K, capacity 78392K, committed 81280K, reserved 1120256K
  class space    used 9305K, capacity 9846K, committed 10624K, reserved 1048576K
Event: 5695.894 GC heap after
Heap after GC invocations=108 (full 17):
 PSYoungGen      total 435712K, used 622K [0x00000000e0000000, 0x0000000100000000, 0x0000000100000000)
  eden space 347136K, 0% used [0x00000000e0000000,0x00000000e0000000,0x00000000f5300000)
  from space 88576K, 0% used [0x00000000f5300000,0x00000000f539bb18,0x00000000fa980000)
  to   space 87552K, 0% used [0x00000000faa80000,0x00000000faa80000,0x0000000100000000)
 ParOldGen       total 220672K, used 160297K [0x00000000a0000000, 0x00000000ad780000, 0x00000000e0000000)
  object space 220672K, 72% used [0x00000000a0000000,0x00000000a9c8a6f8,0x00000000ad780000)
 Metaspace       used 74359K, capacity 78392K, committed 81280K, reserved 1120256K
  class space    used 9305K, capacity 9846K, committed 10624K, reserved 1048576K
}
Event: 5698.820 GC heap before
{Heap before GC invocations=109 (full 17):
 PSYoungGen      total 435712K, used 34570K [0x00000000e0000000, 0x0000000100000000, 0x0000000100000000)
  eden space 347136K, 9% used [0x00000000e0000000,0x00000000e2127018,0x00000000f5300000)
  from space 88576K, 0% used [0x00000000f5300000,0x00000000f539bb18,0x00000000fa980000)
  to   space 87552K, 0% used [0x00000000faa80000,0x00000000faa80000,0x0000000100000000)
 ParOldGen       total 220672K, used 160297K [0x00000000a0000000, 0x00000000ad780000, 0x00000000e0000000)
  object space 220672K, 72% used [0x00000000a0000000,0x00000000a9c8a6f8,0x00000000ad780000)
 Metaspace       used 74364K, capacity 78398K, committed 81280K, reserved 1120256K
  class space    used 9305K, capacity 9847K, committed 10624K, reserved 1048576K
Event: 5699.119 GC heap after
Heap after GC invocations=109 (full 17):
 PSYoungGen      total 435712K, used 288K [0x00000000e0000000, 0x00000000ffe00000, 0x0000000100000000)
  eden space 350208K, 0% used [0x00000000e0000000,0x00000000e0000000,0x00000000f5600000)
  from space 85504K, 0% used [0x00000000faa80000,0x00000000faac8000,0x00000000ffe00000)
  to   space 86016K, 0% used [0x00000000f5600000,0x00000000f5600000,0x00000000faa00000)
 ParOldGen       total 220672K, used 160638K [0x00000000a0000000, 0x00000000ad780000, 0x00000000e0000000)
  object space 220672K, 72% used [0x00000000a0000000,0x00000000a9cdf920,0x00000000ad780000)
 Metaspace       used 74364K, capacity 78398K, committed 81280K, reserved 1120256K
  class space    used 9305K, capacity 9847K, committed 10624K, reserved 1048576K
}
Event: 5699.119 GC heap before
{Heap before GC invocations=110 (full 18):
 PSYoungGen      total 435712K, used 288K [0x00000000e0000000, 0x00000000ffe00000, 0x0000000100000000)
  eden space 350208K, 0% used [0x00000000e0000000,0x00000000e0000000,0x00000000f5600000)
  from space 85504K, 0% used [0x00000000faa80000,0x00000000faac8000,0x00000000ffe00000)
  to   space 86016K, 0% used [0x00000000f5600000,0x00000000f5600000,0x00000000faa00000)
 ParOldGen       total 220672K, used 160638K [0x00000000a0000000, 0x00000000ad780000, 0x00000000e0000000)
  object space 220672K, 72% used [0x00000000a0000000,0x00000000a9cdf920,0x00000000ad780000)
 Metaspace       used 74364K, capacity 78398K, committed 81280K, reserved 1120256K
  class space    used 9305K, capacity 9847K, committed 10624K, reserved 1048576K
Event: 5699.416 GC heap after
Heap after GC invocations=110 (full 18):
 PSYoungGen      total 435712K, used 0K [0x00000000e0000000, 0x00000000ffe00000, 0x0000000100000000)
  eden space 350208K, 0% used [0x00000000e0000000,0x00000000e0000000,0x00000000f5600000)
  from space 85504K, 0% used [0x00000000faa80000,0x00000000faa80000,0x00000000ffe00000)
  to   space 86016K, 0% used [0x00000000f5600000,0x00000000f5600000,0x00000000faa00000)
 ParOldGen       total 220672K, used 47521K [0x00000000a0000000, 0x00000000ad780000, 0x00000000e0000000)
  object space 220672K, 21% used [0x00000000a0000000,0x00000000a2e68418,0x00000000ad780000)
 Metaspace       used 74364K, capacity 78398K, committed 81280K, reserved 1120256K
  class space    used 9305K, capacity 9847K, committed 10624K, reserved 1048576K
}
Event: 6705.814 GC heap before
{Heap before GC invocations=111 (full 18):
 PSYoungGen      total 435712K, used 226370K [0x00000000e0000000, 0x00000000ffe00000, 0x0000000100000000)
  eden space 350208K, 64% used [0x00000000e0000000,0x00000000edd10948,0x00000000f5600000)
  from space 85504K, 0% used [0x00000000faa80000,0x00000000faa80000,0x00000000ffe00000)
  to   space 86016K, 0% used [0x00000000f5600000,0x00000000f5600000,0x00000000faa00000)
 ParOldGen       total 220672K, used 47521K [0x00000000a0000000, 0x00000000ad780000, 0x00000000e0000000)
  object space 220672K, 21% used [0x00000000a0000000,0x00000000a2e68418,0x00000000ad780000)
 Metaspace       used 74631K, capacity 79012K, committed 81280K, reserved 1120256K
  class space    used 9357K, capacity 9932K, committed 10624K, reserved 1048576K
Event: 6705.830 GC heap after
Heap after GC invocations=111 (full 18):
 PSYoungGen      total 353792K, used 3574K [0x00000000e0000000, 0x00000000ff800000, 0x0000000100000000)
  eden space 350208K, 0% used [0x00000000e0000000,0x00000000e0000000,0x00000000f5600000)
  from space 3584K, 99% used [0x00000000f5600000,0x00000000f597da70,0x00000000f5980000)
  to   space 82944K, 0% used [0x00000000fa700000,0x00000000fa700000,0x00000000ff800000)
 ParOldGen       total 220672K, used 47529K [0x00000000a0000000, 0x00000000ad780000, 0x00000000e0000000)
  object space 220672K, 21% used [0x00000000a0000000,0x00000000a2e6a418,0x00000000ad780000)
 Metaspace       used 74631K, capacity 79012K, committed 81280K, reserved 1120256K
  class space    used 9357K, capacity 9932K, committed 10624K, reserved 1048576K
}
Event: 6705.830 GC heap before
{Heap before GC invocations=112 (full 19):
 PSYoungGen      total 353792K, used 3574K [0x00000000e0000000, 0x00000000ff800000, 0x0000000100000000)
  eden space 350208K, 0% used [0x00000000e0000000,0x00000000e0000000,0x00000000f5600000)
  from space 3584K, 99% used [0x00000000f5600000,0x00000000f597da70,0x00000000f5980000)
  to   space 82944K, 0% used [0x00000000fa700000,0x00000000fa700000,0x00000000ff800000)
 ParOldGen       total 220672K, used 47529K [0x00000000a0000000, 0x00000000ad780000, 0x00000000e0000000)
  object space 220672K, 21% used [0x00000000a0000000,0x00000000a2e6a418,0x00000000ad780000)
 Metaspace       used 74631K, capacity 79012K, committed 81280K, reserved 1120256K
  class space    used 9357K, capacity 9932K, committed 10624K, reserved 1048576K
Event: 6706.198 GC heap after
Heap after GC invocations=112 (full 19):
 PSYoungGen      total 353792K, used 0K [0x00000000e0000000, 0x00000000ff800000, 0x0000000100000000)
  eden space 350208K, 0% used [0x00000000e0000000,0x00000000e0000000,0x00000000f5600000)
  from space 3584K, 0% used [0x00000000f5600000,0x00000000f5600000,0x00000000f5980000)
  to   space 82944K, 0% used [0x00000000fa700000,0x00000000fa700000,0x00000000ff800000)
 ParOldGen       total 220672K, used 48151K [0x00000000a0000000, 0x00000000ad780000, 0x00000000e0000000)
  object space 220672K, 21% used [0x00000000a0000000,0x00000000a2f05e58,0x00000000ad780000)
 Metaspace       used 73751K, capacity 78064K, committed 81280K, reserved 1120256K
  class space    used 9203K, capacity 9750K, committed 10624K, reserved 1048576K
}

Deoptimization events (10 events):
Event: 6702.525 Thread 0x000000001db69000 Uncommon trap: reason=unstable_if action=reinterpret pc=0x00000000072fcdb4 method=com.sun.tools.javac.comp.Attr.visitSelect(Lcom/sun/tools/javac/tree/JCTree$JCFieldAccess;)V @ 958
Event: 6702.578 Thread 0x000000001db69000 Uncommon trap: reason=unstable_if action=reinterpret pc=0x0000000007451e34 method=com.sun.tools.javac.code.Symbol$MethodSymbol.overrides(Lcom/sun/tools/javac/code/Symbol;Lcom/sun/tools/javac/code/Symbol$TypeSymbol;Lcom/sun/tools/javac/code/Types;Z)Z @ 135
Event: 6702.595 Thread 0x000000001db69000 Uncommon trap: reason=unstable_if action=reinterpret pc=0x0000000006b7d9fc method=com.sun.tools.javac.comp.Lower.needsPrivateAccess(Lcom/sun/tools/javac/code/Symbol;)Z @ 21
Event: 6702.613 Thread 0x000000001db69000 Uncommon trap: reason=unstable_if action=reinterpret pc=0x0000000004fcda60 method=com.sun.tools.javac.jvm.Pool.put(Ljava/lang/Object;)I @ 80
Event: 6702.620 Thread 0x000000001db69000 Uncommon trap: reason=unstable_if action=reinterpret pc=0x000000000775ca1c method=com.sun.tools.javac.jvm.ClassWriter.writePool(Lcom/sun/tools/javac/jvm/Pool;)V @ 679
Event: 6705.082 Thread 0x000000001db69000 Uncommon trap: reason=unstable_if action=reinterpret pc=0x0000000006e6a728 method=com.sun.tools.javac.file.JavacFileManager.listArchive(Lcom/sun/tools/javac/file/JavacFileManager$Archive;Lcom/sun/tools/javac/file/RelativePath$RelativeDirectory;Ljava/util/So	‡
Event: 6705.129 Thread 0x000000001db69000 Uncommon trap: reason=unstable_if action=reinterpret pc=0x000000000501a130 method=com.sun.tools.javac.jvm.ClassReader$AttributeReader.accepts(Lcom/sun/tools/javac/jvm/ClassReader$AttributeKind;)Z @ 27
Event: 6705.149 Thread 0x000000001db69000 Uncommon trap: reason=predicate action=maybe_recompile pc=0x00000000060ae580 method=com.sun.tools.javac.tree.TreeTranslator.translateAnnotations(Lcom/sun/tools/javac/util/List;)Lcom/sun/tools/javac/util/List; @ 9
Event: 6705.152 Thread 0x000000001db69000 Uncommon trap: reason=unstable_if action=reinterpret pc=0x00000000066dc1b8 method=com.sun.tools.javac.jvm.ClassWriter.writeJavaAnnotations(Lcom/sun/tools/javac/util/List;)I @ 129
Event: 6705.341 Thread 0x000000001db69000 Uncommon trap: reason=bimorphic action=maybe_recompile pc=0x00000000065f8464 method=com.sun.tools.javac.jvm.Gen.genExpr(Lcom/sun/tools/javac/tree/JCTree;Lcom/sun/tools/javac/code/Type;)Lcom/sun/tools/javac/jvm/Items$Item; @ 20

Internal exceptions (10 events):
Event: 6707.369 Thread 0x000000001db69000 Exception <a 'sun/nio/fs/WindowsException'> (0x00000000e4c95208) thrown at [C:\re\workspace\8-2-build-windows-amd64-cygwin\jdk8u101\7261\hotspot\src\share\vm\prims\jni.cpp, line 709]
Event: 6707.369 Thread 0x000000001db69000 Exception <a 'sun/nio/fs/WindowsException'> (0x00000000e4c96e98) thrown at [C:\re\workspace\8-2-build-windows-amd64-cygwin\jdk8u101\7261\hotspot\src\share\vm\prims\jni.cpp, line 709]
Event: 6707.369 Thread 0x000000001db69000 Exception <a 'sun/nio/fs/WindowsException'> (0x00000000e4c97b30) thrown at [C:\re\workspace\8-2-build-windows-amd64-cygwin\jdk8u101\7261\hotspot\src\share\vm\prims\jni.cpp, line 709]
Event: 6707.370 Thread 0x000000001db69000 Exception <a 'sun/nio/fs/WindowsException'> (0x00000000e4c9d280) thrown at [C:\re\workspace\8-2-build-windows-amd64-cygwin\jdk8u101\7261\hotspot\src\share\vm\prims\jni.cpp, line 709]
Event: 6707.370 Thread 0x000000001db69000 Exception <a 'sun/nio/fs/WindowsException'> (0x00000000e4c9dd98) thrown at [C:\re\workspace\8-2-build-windows-amd64-cygwin\jdk8u101\7261\hotspot\src\share\vm\prims\jni.cpp, line 709]
Event: 6707.370 Thread 0x000000001db69000 Exception <a 'sun/nio/fs/WindowsException'> (0x00000000e4c9f8e8) thrown at [C:\re\workspace\8-2-build-windows-amd64-cygwin\jdk8u101\7261\hotspot\src\share\vm\prims\jni.cpp, line 709]
Event: 6707.370 Thread 0x000000001db69000 Exception <a 'sun/nio/fs/WindowsException'> (0x00000000e4ca0440) thrown at [C:\re\workspace\8-2-build-windows-amd64-cygwin\jdk8u101\7261\hotspot\src\share\vm\prims\jni.cpp, line 709]
Event: 6761.440 Thread 0x000000001db69000 Exception <a 'java/lang/ClassNotFoundException': asLocalRepo961_9eysx8iieqmcnf7qghj4dobnaBeanInfo> (0x00000000e7940128) thrown at [C:\re\workspace\8-2-build-windows-amd64-cygwin\jdk8u101\7261\hotspot\src\share\vm\classfile\systemDictionary.cpp, line 210]
Event: 6761.440 Thread 0x000000001db69000 Exception <a 'java/lang/ClassNotFoundException': asLocalRepo961_9eysx8iieqmcnf7qghj4dobnaCustomizer> (0x00000000e7949c78) thrown at [C:\re\workspace\8-2-build-windows-amd64-cygwin\jdk8u101\7261\hotspot\src\share\vm\classfile\systemDictionary.cpp, line 210]òu®¼iº@
Event: 6761.737 Thread 0x000000001db69000 Exception <a 'sun/nio/fs/WindowsException'> (0x00000000ec0cf790) thrown at [C:\re\workspace\8-2-build-windows-amd64-cygwin\jdk8u101\7261\hotspot\src\share\vm\prims\jni.cpp, line 709]

Events (10 events):
Event: 6761.451 loading class groovy/runtime/metaclass/asLocalRepo961_9eysx8iieqmcnf7qghj4dobna$_run_closure1$_closure2$_closure4$_closure5MetaClass
Event: 6761.451 loading class groovy/runtime/metaclass/asLocalRepo961_9eysx8iieqmcnf7qghj4dobna$_run_closure1$_closure2$_closure4$_closure5MetaClass done
Event: 6761.451 loading class asLocalRepo961_9eysx8iieqmcnf7qghj4dobna$_run_closure1$_closure3
Event: 6761.451 loading class asLocalRepo961_9eysx8iieqmcnf7qghj4dobna$_run_closure1$_closure3 done
Event: 6761.452 loading class groovy/runtime/metaclass/asLocalRepo961_9eysx8iieqmcnf7qghj4dobna$_run_closure1$_closure3MetaClass
Event: 6761.452 loading class groovy/runtime/metaclass/asLocalRepo961_9eysx8iieqmcnf7qghj4dobna$_run_closure1$_closure3MetaClass done
Event: 6761.452 loading class asLocalRepo961_9eysx8iieqmcnf7qghj4dobna$_run_closure1$_closure3$_closure6
Event: 6761.452 loading class asLocalRepo961_9eysx8iieqmcnf7qghj4dobna$_run_closure1$_closure3$_closure6 done
Event: 6761.452 loading class groovy/runtime/metaclass/asLocalRepo961_9eysx8iieqmcnf7qghj4dobna$_run_closure1$_closure3$_closure6MetaClass
Event: 6761.452 loading class groovy/runtime/metaclass/asLocalRepo961_9eysx8iieqmcnf7qghj4dobna$_run_closure1$_closure3$_closure6MetaClass done


Dynamic libraries:
0x00007ff63e730000 - 0x00007ff63e767000 	C:\Program Files\Java\jdk1.8.0_101\bin\java.exe
0x00007ff80a320000 - 0x00007ff80a4f1000 	C:\WINDOWS\SYSTEM32\ntdll.dll
0x00007ff808240000 - 0x00007ff8082eb000 	C:\WINDOWS\System32\KERNEL32.DLL
0x00007ff806d30000 - 0x00007ff806f4d000 	C:\WINDOWS\System32\KERNELBASE.dll
0x00007ff8099e0000 - 0x00007ff809a82000 	C:\WINDOWS\System32\ADVAPI32.dll
0x00007ff809fb0000 - 0x00007ff80a04e000 	C:\WINDOWS\System32\msvcrt.dll
0x00007ff8082f0000 - 0x00007ff808349000 	C:\WINDOWS\System32\sechost.dll
0x00007ff809b90000 - 0x00007ff809cb1000 	C:\WINDOWS\System32\RPCRT4.dll
0x00007ff808360000 - 0x00007ff8084c5000 	C:\WINDOWS\System32\USER32.dll
0x00007ff806a90000 - 0x00007ff806aae000 	C:\WINDOWS\System32\win32u.dll
0x00007ff809cc0000 - 0x00007ff809cf4000 	C:\WINDOWS\System32\GDI32.dll
0x00007ff807720000 - 0x00007ff8078a2000 	C:\WINDOWS\System32\gdi32full.dll
0x00007ffff5900000 - 0x00007ffff5b7a000 	C:\WINDOWS\WinSxS\amd64_microsoft.windows.common-controls_6595b64144ccf1df_6.0.14393.953_none_42151e83c686086b\COMCTL32.dll
0x00007ff80a050000 - 0x00007ff80a318000 	C:\WINDOWS\System32\combase.dll
0x00007ff806b60000 - 0x00007ff806c55000 	C:\WINDOWS\System32\ucrtbase.dll
0x00007ff806cc0000 - 0x00007ff806d2a000 	C:\WINDOWS\System32\bcryptPrimitives.dll
0x00007ff809b60000 - 0x00007ff809b8e000 	C:\WINDOWS\System32\IMM32.DLL
0x000000006a8e0000 - 0x000000006a9b2000 	C:\Program Files\Java\jdk1.8.0_101\jre\bin\msvcr100.dll
0x00000000689d0000 - 0x000000006926a000 	C:\Program Files\Java\jdk1.8.0_101\jre\bin\server\jvm.dll
0x00007ff808350000 - 0x00007ff808358000 	C:\WINDOWS\System32\PSAPI.DLL
0x00007ff804b00000 - 0x00007ff804b0a000 	C:\WINDOWS\SYSTEM32\VERSION.dll
0x00007ffff9dd0000 - 0x00007ffff9dd9000 	C:\WINDOWS\SYSTEM32\WSOCK32.dll
0x00007ff803d20000 - 0x00007ff803d43000 	C:\WINDOWS\SYSTEM32\WINMM.dll
0x00007ff809d70000 - 0x00007ff809dda000 	C:\WINDOWS\System32\WS2_32.dll
0x00000000011e0000 - 0x000000000120b000 	C:\WINDOWS\SYSTEM32\WINMMBASE.dll
0x00007ff806f50000 - 0x00007ff806f92000 	C:\WINDOWS\System32\cfgmgr32.dll
0x000000006a8d0000 - 0x000000006a8df000 	C:\Program Files\Java\jdk1.8.0_101\jre\bin\verify.dll
0x000000006a8a0000 - 0x000000006a8c9000 	C:\Program Files\Java\jdk1.8.0_101\jre\bin\java.dll
0x000000006a880000 - 0x000000006a896000 	C:\Program Files\Java\jdk1.8.0_101\jre\bin\zip.dll
0x00007ff8084d0000 - 0x00007ff8099d9000 	C:\WINDOWS\System32\SHELL32.dll
0x00007ff806fa0000 - 0x00007ff80767a000 	C:\WINDOWS\System32\windows.storage.dll
0x00007ff8067a0000 - 0x00007ff8067ec000 	C:\WINDOWS\System32\powrprof.dll
0x00007ff809a90000 - 0x00007ff809ae2000 	C:\WINDOWS\System32\shlwapi.dll
0x00007ff806790000 - 0x00007ff80679f000 	C:\WINDOWS\System32\kernel.appcore.dll
0x00007ff806810000 - 0x00007ff8068b9000 	C:\WINDOWS\System32\shcore.dll
0x00007ff8067f0000 - 0x00007ff806804000 	C:\WINDOWS\System32\profapi.dll
0x000000006a860000 - 0x000000006a87a000 	C:\Program Files\Java\jdk1.8.0_101\jre\bin\net.dll
0x00007ff805d70000 - 0x00007ff805dcc000 	C:\WINDOWS\system32\mswsock.dll
0x000000006a840000 - 0x000000006a851000 	C:\Program Files\Java\jdk1.8.0_101\jre\bin\nio.dll
0x00007fffed320000 - 0x00007fffed332000 	C:\Users\kolya\.gradle\native\19\windows-amd64\native-platform.dll
0x00007ff8061b0000 - 0x00007ff8061c7000 	C:\WINDOWS\SYSTEM32\CRYPTSP.dll
0x00007ff805950000 - 0x00007ff805983000 	C:\WINDOWS\system32\rsaenh.dll
0x00007ff8066c0000 - 0x00007ff8066eb000 	C:\WINDOWS\SYSTEM32\bcrypt.dll
0x00007ff805c00000 - 0x00007ff805c1f000 	C:\WINDOWS\SYSTEM32\USERENV.dll
0x00007ff805f10000 - 0x00007ff805f1b000 	C:\WINDOWS\SYSTEM32\CRYPTBASE.dll
0x00007ff805ad0000 - 0x00007ff805b08000 	C:\WINDOWS\SYSTEM32\IPHLPAPI.DLL
0x00007ff809d60000 - 0x00007ff809d68000 	C:\WINDOWS\System32\NSI.dll
0x00007ff801010000 - 0x00007ff801026000 	C:\WINDOWS\SYSTEM32\dhcpcsvc6.DLL
0x00007ff801050000 - 0x00007ff80106a000 	C:\WINDOWS\SYSTEM32\dhcpcsvc.DLL
0x000000006a780000 - 0x000000006a78d000 	C:\Program Files\Java\jdk1.8.0_101\jre\bin\management.dll
0x00007ff805820000 - 0x00007ff805852000 	C:\WINDOWS\SYSTEM32\ntmarta.dll

VM Arguments:
jvm_args: -Xmx1536m -Dfile.encoding=windows-1251 -Duser.country=RU -Duser.language=ru -Duser.variant 
java_command: org.gradle.launcher.daemon.bootstrap.GradleDaemon 2.14.1
java_class_path (initial): C:\Program Files\Android\Android Studio\gradle\gradle-2.14.1\lib\gradle-launcher-2.14.1.jar
Launcher Type: SUN_STANDARD

Environment Variables:
PATH=C:\ProgramData\Oracle\Java\javapath;C:\WINDOWS\system32;C:\WINDOWS;C:\WINDOWS\System32\Wbem;C:\WINDOWS\System32\WindowsPowerShell\v1.0\;C:\Program Files (x86)\ATI Technologies\ATI.ACE\Core-Static;C:\Program Files (x86)\Windows Kits\10\Windows Performance Toolkit\;C:\Program Files\Microsoft SQL Server\130\Tools\Binn\;C:\Program Files\dotnet\;C:\Program Files (x86)\Skype\Phone\;C:\Users\kolya\AppData\Local\Microsoft\WindowsApps;C:\Users\kolya\AppData\Local\Programs\Git\cmd
USERNAME=kolya
OS=Windows_NT
PROCESSOR_IDENTIFIER=Intel64 Family 6 Model 58 Stepping 9, GenuineIntel



---------------  S Y S T E M  ---------------

OS: Windows 10.0 , 64 bit Build 14393 (10.0.14393.0)

CPU:total 8 (4 cores per cpu, 2 threads per core) family 6 model 58 stepping 9, cmov, cx8, fxsr, mmx, sse, sse2, sse3, ssse3, sse4.1, sse4.2, popcnt, avx, aes, clmul, erms, ht, tsc, tscinvbit, tscinv

Memory: 4k page, physical 8342052k(1012916k free), swap 14371364k(424k free)

vm_info: Java HotSpot(TM) 64-Bit Server VM (25.101-b13) for windows-amd64 JRE (1.8.0_101-b13), built on Jun 22 2016 01:21:29 by "java_re" with MS VC++ 10.0 (VS2010)

time: Tue Mar 28 22:29:02 2017
elapsed time: 6762 seconds (0d 1h 52m 42s)

