#
# There is insufficient memory for the Java Runtime Environment to continue.
# Native memory allocation (malloc) failed to allocate 813776 bytes for Chunk::new
# Possible reasons:
#   The system is out of physical RAM or swap space
#   In 32 bit mode, the process size limit was hit
# Possible solutions:
#   Reduce memory load on the system
#   Increase physical memory or swap space
#   Check if swap backing store is full
#   Use 64 bit Java on a 64 bit OS
#   Decrease Java heap size (-Xmx/-Xms)
#   Decrease number of Java threads
#   Decrease Java thread stack sizes (-Xss)
#   Set larger code cache with -XX:ReservedCodeCacheSize=
# This output file may be truncated or incomplete.
#
#  Out of Memory Error (allocation.cpp:390), pid=8376, tid=0x0000000000000e9c
#
# JRE version: Java(TM) SE Runtime Environment (8.0_101-b13) (build 1.8.0_101-b13)
# Java VM: Java HotSpot(TM) 64-Bit Server VM (25.101-b13 mixed mode windows-amd64 compressed oops)
# Failed to write core dump. Minidumps are not enabled by default on client versions of Windows
#

---------------  T H R E A D  ---------------

Current thread (0x00000000187f2000):  JavaThread "C2 CompilerThread1" daemon [_thread_in_native, id=3740, stack(0x00000000190b0000,0x00000000191b0000)]

Stack: [0x00000000190b0000,0x00000000191b0000]
[error occurred during error reporting (printing stack bounds), id 0xc0000005]

Native frames: (J=compiled Java code, j=interpreted, Vv=VM code, C=native code)


Current CompileTask:
C2:   1381 1495       4       java.net.URLClassLoader$1::run (5 bytes)


---------------  P R O C E S S  ---------------

Java Threads: ( => current thread )
  0x000000001a66c000 JavaThread "Stdin handler" [_thread_blocked, id=10968, stack(0x000000001bb90000,0x000000001bc90000)]
  0x000000001a669800 JavaThread "Asynchronous log dispatcher for org.gradle.launcher.daemon.server.DefaultDaemonConnection@668f88cc" [_thread_blocked, id=8996, stack(0x000000001ba90000,0x000000001bb90000)]
  0x000000001a64b000 JavaThread "Daemon worker" [_thread_in_vm, id=3216, stack(0x000000001b950000,0x000000001ba50000)]
  0x000000001a648000 JavaThread "Cancel handler" [_thread_blocked, id=14576, stack(0x000000001b850000,0x000000001b950000)]
  0x000000001a774800 JavaThread "Handler for socket connection from /127.0.0.1:59287 to /127.0.0.1:59288" [_thread_in_native, id=11232, stack(0x000000001b750000,0x000000001b850000)]
  0x000000001a748800 JavaThread "Daemon" [_thread_blocked, id=11712, stack(0x000000001b650000,0x000000001b750000)]
  0x000000001a5ea800 JavaThread "Incoming local TCP Connector on port 59287" [_thread_in_native, id=12992, stack(0x000000001b210000,0x000000001b310000)]
  0x000000001a109800 JavaThread "pool-1-thread-1" [_thread_blocked, id=10072, stack(0x000000001b110000,0x000000001b210000)]
  0x000000001888f800 JavaThread "Service Thread" daemon [_thread_blocked, id=10136, stack(0x00000000193b0000,0x00000000194b0000)]
  0x00000000187f9000 JavaThread "C1 CompilerThread3" daemon [_thread_blocked, id=2040, stack(0x00000000192b0000,0x00000000193b0000)]
  0x00000000168f8000 JavaThread "C2 CompilerThread2" daemon [_thread_blocked, id=3012, stack(0x00000000191b0000,0x00000000192b0000)]
=>0x00000000187f2000 JavaThread "C2 CompilerThread1" daemon [_thread_in_native, id=3740, stack(0x00000000190b0000,0x00000000191b0000)]
  0x00000000187ef000 JavaThread "C2 CompilerThread0" daemon [_thread_blocked, id=9844, stack(0x0000000018fb0000,0x00000000190b0000)]
  0x00000000187ed800 JavaThread "Attach Listener" daemon [_thread_blocked, id=15144, stack(0x0000000018eb0000,0x0000000018fb0000)]
  0x00000000187ec800 JavaThread "Signal Dispatcher" daemon [_thread_blocked, id=13164, stack(0x0000000018db0000,0x0000000018eb0000)]
  0x00000000187e0800 JavaThread "Finalizer" daemon [_thread_blocked, id=4280, stack(0x0000000018bc0000,0x0000000018cc0000)]
  0x00000000016d4000 JavaThread "Reference Handler" daemon [_thread_blocked, id=9276, stack(0x00000000186c0000,0x00000000187c0000)]
  0x00000000015e0800 JavaThread "main" [_thread_blocked, id=12516, stack(0x00000000014b0000,0x00000000015b0000)]

Other Threads:
  0x00000000168e9800 VMThread [stack: 0x00000000185c0000,0x00000000186c0000] [id=5136]
  0x00000000188a2800 WatcherThread [stack: 0x00000000194b0000,0x00000000195b0000] [id=3336]

VM state:not at safepoint (normal execution)

VM Mutex/Monitor currently owned by a thread: None

Heap:
 PSYoungGen      total 38400K, used 26896K [0x00000000e0000000, 0x00000000e2a80000, 0x0000000100000000)
  eden space 33280K, 65% used [0x00000000e0000000,0x00000000e1546f88,0x00000000e2080000)
  from space 5120K, 99% used [0x00000000e2580000,0x00000000e2a7d220,0x00000000e2a80000)
  to   space 5120K, 0% used [0x00000000e2080000,0x00000000e2080000,0x00000000e2580000)
 ParOldGen       total 87552K, used 1050K [0x00000000a0000000, 0x00000000a5580000, 0x00000000e0000000)
  object space 87552K, 1% used [0x00000000a0000000,0x00000000a0106a38,0x00000000a5580000)
 Metaspace       used 17265K, capacity 17614K, committed 17920K, reserved 1064960K
  class space    used 2337K, capacity 2459K, committed 2560K, reserved 1048576K

Card table byte_map: [0x0000000001aa0000,0x0000000001db0000] byte_map_base: 0x00000000015a0000

Marking Bits: (ParMarkBitMap*) 0x00000000691ea6d0
 Begin Bits: [0x0000000012c00000, 0x0000000014400000)
 End Bits:   [0x0000000014400000, 0x0000000015c00000)

Polling page: 0x0000000001100000

CodeCache: size=245760Kb used=5067Kb max_used=5076Kb free=240692Kb
 bounds [0x0000000003400000, 0x0000000003900000, 0x0000000012400000]
 total_blobs=1885 nmethods=1508 adapters=289
 compilation: enabled

Compilation events (10 events):
Event: 1.358 Thread 0x00000000187f9000 1504       3       org.gradle.internal.service.DefaultServiceRegistry$OwnServices::getService (274 bytes)
Event: 1.359 Thread 0x00000000187f9000 nmethod 1504 0x00000000038f0d90 code [0x00000000038f11e0, 0x00000000038f39f8]
Event: 1.360 Thread 0x00000000187f9000 1505       3       org.gradle.internal.service.DefaultServiceRegistry$ClassSpec::hashCode (8 bytes)
Event: 1.360 Thread 0x00000000187f9000 nmethod 1505 0x00000000038e9f50 code [0x00000000038ea0c0, 0x00000000038ea2c8]
Event: 1.365 Thread 0x00000000168f8000 1506       4       java.util.regex.Pattern$Node::match (27 bytes)
Event: 1.365 Thread 0x00000000168f8000 nmethod 1506 0x00000000038f7b50 code [0x00000000038f7c80, 0x00000000038f7d38]
Event: 1.370 Thread 0x00000000187f9000 1507       3       java.util.concurrent.locks.AbstractOwnableSynchronizer::setExclusiveOwnerThread (6 bytes)
Event: 1.370 Thread 0x00000000187f9000 nmethod 1507 0x00000000038f7810 code [0x00000000038f7960, 0x00000000038f7ad0]
Event: 1.370 Thread 0x00000000187f9000 1508       1       java.util.concurrent.locks.AbstractOwnableSynchronizer::getExclusiveOwnerThread (5 bytes)
Event: 1.370 Thread 0x00000000187f9000 nmethod 1508 0x00000000038f7550 code [0x00000000038f76a0, 0x00000000038f77b0]

GC Heap History (4 events):
Event: 0.515 GC heap before
{Heap before GC invocations=1 (full 0):
 PSYoungGen      total 38400K, used 33280K [0x00000000e0000000, 0x00000000e2a80000, 0x0000000100000000)
  eden space 33280K, 100% used [0x00000000e0000000,0x00000000e2080000,0x00000000e2080000)
  from space 5120K, 0% used [0x00000000e2580000,0x00000000e2580000,0x00000000e2a80000)
  to   space 5120K, 0% used [0x00000000e2080000,0x00000000e2080000,0x00000000e2580000)
 ParOldGen       total 87552K, used 0K [0x00000000a0000000, 0x00000000a5580000, 0x00000000e0000000)
  object space 87552K, 0% used [0x00000000a0000000,0x00000000a0000000,0x00000000a5580000)
 Metaspace       used 6295K, capacity 6490K, committed 6528K, reserved 1056768K
  class space    used 822K, capacity 866K, committed 896K, reserved 1048576K
Event: 0.519 GC heap after
Heap after GC invocations=1 (full 0):
 PSYoungGen      total 38400K, used 4224K [0x00000000e0000000, 0x00000000e2a80000, 0x0000000100000000)
  eden space 33280K, 0% used [0x00000000e0000000,0x00000000e0000000,0x00000000e2080000)
  from space 5120K, 82% used [0x00000000e2080000,0x00000000e24a02b0,0x00000000e2580000)
  to   space 5120K, 0% used [0x00000000e2580000,0x00000000e2580000,0x00000000e2a80000)
 ParOldGen       total 87552K, used 8K [0x00000000a0000000, 0x00000000a5580000, 0x00000000e0000000)
  object space 87552K, 0% used [0x00000000a0000000,0x00000000a0002000,0x00000000a5580000)
 Metaspace       used 6295K, capacity 6490K, committed 6528K, reserved 1056768K
  class space    used 822K, capacity 866K, committed 896K, reserved 1048576K
}
Event: 1.135 GC heap before
{Heap before GC invocations=2 (full 0):
 PSYoungGen      total 38400K, used 37504K [0x00000000e0000000, 0x00000000e2a80000, 0x0000000100000000)
  eden space 33280K, 100% used [0x00000000e0000000,0x00000000e2080000,0x00000000e2080000)
  from space 5120K, 82% used [0x00000000e2080000,0x00000000e24a02b0,0x00000000e2580000)
  to   space 5120K, 0% used [0x00000000e2580000,0x00000000e2580000,0x00000000e2a80000)
 ParOldGen       total 87552K, used 8K [0x00000000a0000000, 0x00000000a5580000, 0x00000000e0000000)
  object space 87552K, 0% used [0x00000000a0000000,0x00000000a0002000,0x00000000a5580000)
 Metaspace       used 12704K, capacity 13070K, committed 13184K, reserved 1060864K
  class space    used 1748K, capacity 1883K, committed 1920K, reserved 1048576K
Event: 1.139 GC heap after
Heap after GC invocations=2 (full 0):
 PSYoungGen      total 38400K, used 5108K [0x00000000e0000000, 0x00000000e2a80000, 0x0000000100000000)
  eden space 33280K, 0% used [0x00000000e0000000,0x00000000e0000000,0x00000000e2080000)
  from space 5120K, 99% used [0x00000000e2580000,0x00000000e2a7d220,0x00000000e2a80000)
  to   space 5120K, 0% used [0x00000000e2080000,0x00000000e2080000,0x00000000e2580000)
 ParOldGen       total 87552K, used 1050K [0x00000000a0000000, 0x00000000a5580000, 0x00000000e0000000)
  object space 87552K, 1% used [0x00000000a0000000,0x00000000a0106a38,0x00000000a5580000)
 Metaspace       used 12704K, capacity 13070K, committed 13184K, reserved 1060864K
  class space    used 1748K, capacity 1883K, committed 1920K, reserved 1048576K
}

Deoptimization events (10 events):
Event: 0.589 Thread 0x00000000015e0800 Uncommon trap: reason=bimorphic action=maybe_recompile pc=0x000000000368f0a8 method=java.util.HashMap.putVal(ILjava/lang/Object;Ljava/lang/Object;ZZ)Ljava/lang/Object; @ 203
Event: 0.656 Thread 0x00000000015e0800 Uncommon trap: reason=unstable_if action=reinterpret pc=0x00000000036ff198 method=java.io.WinNTFileSystem.normalize(Ljava/lang/String;II)Ljava/lang/String; @ 90
Event: 0.672 Thread 0x00000000015e0800 Uncommon trap: reason=unstable_if action=reinterpret pc=0x0000000003713b14 method=java.lang.String.substring(I)Ljava/lang/String; @ 35
Event: 1.031 Thread 0x000000001a64b000 Uncommon trap: reason=bimorphic action=maybe_recompile pc=0x000000000368ebc4 method=java.util.HashMap.putVal(ILjava/lang/Object;Ljava/lang/Object;ZZ)Ljava/lang/Object; @ 91
Event: 1.031 Thread 0x000000001a64b000 Uncommon trap: reason=bimorphic action=maybe_recompile pc=0x000000000368ebc4 method=java.util.HashMap.putVal(ILjava/lang/Object;Ljava/lang/Object;ZZ)Ljava/lang/Object; @ 91
Event: 1.031 Thread 0x000000001a64b000 Uncommon trap: reason=bimorphic action=maybe_recompile pc=0x000000000368ebc4 method=java.util.HashMap.putVal(ILjava/lang/Object;Ljava/lang/Object;ZZ)Ljava/lang/Object; @ 91
Event: 1.031 Thread 0x000000001a64b000 Uncommon trap: reason=bimorphic action=maybe_recompile pc=0x0000000003686a60 method=java.util.HashMap.putVal(ILjava/lang/Object;Ljava/lang/Object;ZZ)Ljava/lang/Object; @ 91
Event: 1.103 Thread 0x000000001a64b000 Uncommon trap: reason=bimorphic action=maybe_recompile pc=0x00000000036b4990 method=java.util.HashMap.putVal(ILjava/lang/Object;Ljava/lang/Object;ZZ)Ljava/lang/Object; @ 91
Event: 1.364 Thread 0x000000001a64b000 Uncommon trap: reason=class_check action=maybe_recompile pc=0x000000000365189c method=java.util.regex.Matcher.match(II)Z @ 86
Event: 1.364 Thread 0x000000001a64b000 Uncommon trap: reason=class_check action=maybe_recompile pc=0x000000000365189c method=java.util.regex.Matcher.match(II)Z @ 86

Internal exceptions (10 events):
Event: 1.280 Thread 0x000000001a64b000 Exception <a 'java/lang/ClassNotFoundException': groovy/lang/ExpandoMetaClassBeanInfo> (0x00000000e0afb960) thrown at [C:\re\workspace\8-2-build-windows-amd64-cygwin\jdk8u101\7261\hotspot\src\share\vm\classfile\systemDictionary.cpp, line 210]
Event: 1.280 Thread 0x000000001a64b000 Exception <a 'java/lang/ClassNotFoundException': groovy/lang/MetaClassImplBeanInfo> (0x00000000e0b065f8) thrown at [C:\re\workspace\8-2-build-windows-amd64-cygwin\jdk8u101\7261\hotspot\src\share\vm\classfile\systemDictionary.cpp, line 210]
Event: 1.280 Thread 0x000000001a64b000 Exception <a 'java/lang/ClassNotFoundException': java/lang/ObjectBeanInfo> (0x00000000e0b0b580) thrown at [C:\re\workspace\8-2-build-windows-amd64-cygwin\jdk8u101\7261\hotspot\src\share\vm\classfile\systemDictionary.cpp, line 210]
Event: 1.281 Thread 0x000000001a64b000 Exception <a 'java/lang/ClassNotFoundException': java/lang/ObjectCustomizer> (0x00000000e0b10650) thrown at [C:\re\workspace\8-2-build-windows-amd64-cygwin\jdk8u101\7261\hotspot\src\share\vm\classfile\systemDictionary.cpp, line 210]
Event: 1.283 Thread 0x000000001a64b000 Exception <a 'java/lang/ClassNotFoundException': groovy/lang/MetaClassImplCustomizer> (0x00000000e0b23040) thrown at [C:\re\workspace\8-2-build-windows-amd64-cygwin\jdk8u101\7261\hotspot\src\share\vm\classfile\systemDictionary.cpp, line 210]
Event: 1.285 Thread 0x000000001a64b000 Exception <a 'java/lang/ClassNotFoundException': groovy/lang/ExpandoMetaClassCustomizer> (0x00000000e0b56d58) thrown at [C:\re\workspace\8-2-build-windows-amd64-cygwin\jdk8u101\7261\hotspot\src\share\vm\classfile\systemDictionary.cpp, line 210]
Event: 1.290 Thread 0x000000001a64b000 Exception <a 'java/lang/ClassNotFoundException': org/gradle/api/internal/plugins/DefaultExtraPropertiesExtensionBeanInfo> (0x00000000e0bd68b8) thrown at [C:\re\workspace\8-2-build-windows-amd64-cygwin\jdk8u101\7261\hotspot\src\share\vm\classfile\systemDict,À§¥ô?
Event: 1.290 Thread 0x000000001a64b000 Exception <a 'java/lang/ClassNotFoundException': groovy/lang/GroovyObjectSupportBeanInfo> (0x00000000e0be26f0) thrown at [C:\re\workspace\8-2-build-windows-amd64-cygwin\jdk8u101\7261\hotspot\src\share\vm\classfile\systemDictionary.cpp, line 210]
Event: 1.290 Thread 0x000000001a64b000 Exception <a 'java/lang/ClassNotFoundException': groovy/lang/GroovyObjectSupportCustomizer> (0x00000000e0bee8b0) thrown at [C:\re\workspace\8-2-build-windows-amd64-cygwin\jdk8u101\7261\hotspot\src\share\vm\classfile\systemDictionary.cpp, line 210]
Event: 1.291 Thread 0x000000001a64b000 Exception <a 'java/lang/ClassNotFoundException': org/gradle/api/internal/plugins/DefaultExtraPropertiesExtensionCustomizer> (0x00000000e0c04cf0) thrown at [C:\re\workspace\8-2-build-windows-amd64-cygwin\jdk8u101\7261\hotspot\src\share\vm\classfile\systemDiMI ®{{ô?

Events (10 events):
Event: 1.377 loading class org/gradle/api/internal/artifacts/ivyservice/ivyresolve/strategy/VersionSelector
Event: 1.377 loading class org/gradle/api/internal/artifacts/ivyservice/ivyresolve/strategy/VersionSelector done
Event: 1.377 loading class org/gradle/plugin/use/internal/PluginUsePluginServiceRegistry$BuildScopeServices$1
Event: 1.377 loading class org/gradle/plugin/use/internal/PluginUsePluginServiceRegistry$BuildScopeServices$1 done
Event: 1.378 loading class org/gradle/plugin/use/resolve/internal/PluginResolution
Event: 1.378 loading class org/gradle/plugin/use/resolve/internal/PluginResolution done
Event: 1.378 loading class org/gradle/api/artifacts/ResolveException
Event: 1.378 loading class org/gradle/api/artifacts/ResolveException done
Event: 1.378 loading class org/gradle/plugin/use/resolve/service/internal/PluginResolutionServiceResolver$DependencyResolutionException
Event: 1.378 loading class org/gradle/plugin/use/resolve/service/internal/PluginResolutionServiceResolver$DependencyResolutionException done


Dynamic libraries:
0x00007ff69f8b0000 - 0x00007ff69f8e7000 	C:\Program Files\Java\jdk1.8.0_101\bin\java.exe
0x00007ff80a320000 - 0x00007ff80a4f1000 	C:\WINDOWS\SYSTEM32\ntdll.dll
0x00007ff808240000 - 0x00007ff8082eb000 	C:\WINDOWS\System32\KERNEL32.DLL
0x00007ff806d30000 - 0x00007ff806f4d000 	C:\WINDOWS\System32\KERNELBASE.dll
0x00007ff8099e0000 - 0x00007ff809a82000 	C:\WINDOWS\System32\ADVAPI32.dll
0x00007ff809fb0000 - 0x00007ff80a04e000 	C:\WINDOWS\System32\msvcrt.dll
0x00007ff8082f0000 - 0x00007ff808349000 	C:\WINDOWS\System32\sechost.dll
0x00007ff809b90000 - 0x00007ff809cb1000 	C:\WINDOWS\System32\RPCRT4.dll
0x00007ff808360000 - 0x00007ff8084c5000 	C:\WINDOWS\System32\USER32.dll
0x00007ff806a90000 - 0x00007ff806aae000 	C:\WINDOWS\System32\win32u.dll
0x00007ff809cc0000 - 0x00007ff809cf4000 	C:\WINDOWS\System32\GDI32.dll
0x00007ff807720000 - 0x00007ff8078a2000 	C:\WINDOWS\System32\gdi32full.dll
0x00007ffff5900000 - 0x00007ffff5b7a000 	C:\WINDOWS\WinSxS\amd64_microsoft.windows.common-controls_6595b64144ccf1df_6.0.14393.953_none_42151e83c686086b\COMCTL32.dll
0x00007ff80a050000 - 0x00007ff80a318000 	C:\WINDOWS\System32\combase.dll
0x00007ff806b60000 - 0x00007ff806c55000 	C:\WINDOWS\System32\ucrtbase.dll
0x00007ff806cc0000 - 0x00007ff806d2a000 	C:\WINDOWS\System32\bcryptPrimitives.dll
0x00007ff809b60000 - 0x00007ff809b8e000 	C:\WINDOWS\System32\IMM32.DLL
0x000000006a8e0000 - 0x000000006a9b2000 	C:\Program Files\Java\jdk1.8.0_101\jre\bin\msvcr100.dll
0x00000000689d0000 - 0x000000006926a000 	C:\Program Files\Java\jdk1.8.0_101\jre\bin\server\jvm.dll
0x00007ff808350000 - 0x00007ff808358000 	C:\WINDOWS\System32\PSAPI.DLL
0x00007ffff9dd0000 - 0x00007ffff9dd9000 	C:\WINDOWS\SYSTEM32\WSOCK32.dll
0x00007ff804b00000 - 0x00007ff804b0a000 	C:\WINDOWS\SYSTEM32\VERSION.dll
0x00007ff803d20000 - 0x00007ff803d43000 	C:\WINDOWS\SYSTEM32\WINMM.dll
0x00007ff809d70000 - 0x00007ff809dda000 	C:\WINDOWS\System32\WS2_32.dll
0x00000000010d0000 - 0x00000000010fb000 	C:\WINDOWS\SYSTEM32\WINMMBASE.dll
0x00007ff806f50000 - 0x00007ff806f92000 	C:\WINDOWS\System32\cfgmgr32.dll
0x000000006a8d0000 - 0x000000006a8df000 	C:\Program Files\Java\jdk1.8.0_101\jre\bin\verify.dll
0x000000006a8a0000 - 0x000000006a8c9000 	C:\Program Files\Java\jdk1.8.0_101\jre\bin\java.dll
0x000000006a880000 - 0x000000006a896000 	C:\Program Files\Java\jdk1.8.0_101\jre\bin\zip.dll
0x00007ff8084d0000 - 0x00007ff8099d9000 	C:\WINDOWS\System32\SHELL32.dll
0x00007ff806fa0000 - 0x00007ff80767a000 	C:\WINDOWS\System32\windows.storage.dll
0x00007ff8067a0000 - 0x00007ff8067ec000 	C:\WINDOWS\System32\powrprof.dll
0x00007ff809a90000 - 0x00007ff809ae2000 	C:\WINDOWS\System32\shlwapi.dll
0x00007ff806790000 - 0x00007ff80679f000 	C:\WINDOWS\System32\kernel.appcore.dll
0x00007ff806810000 - 0x00007ff8068b9000 	C:\WINDOWS\System32\shcore.dll
0x00007ff8067f0000 - 0x00007ff806804000 	C:\WINDOWS\System32\profapi.dll
0x000000006a860000 - 0x000000006a87a000 	C:\Program Files\Java\jdk1.8.0_101\jre\bin\net.dll
0x00007ff805d70000 - 0x00007ff805dcc000 	C:\WINDOWS\system32\mswsock.dll
0x000000006a840000 - 0x000000006a851000 	C:\Program Files\Java\jdk1.8.0_101\jre\bin\nio.dll
0x00007fffed320000 - 0x00007fffed332000 	C:\Users\kolya\.gradle\native\19\windows-amd64\native-platform.dll
0x00007ff8061b0000 - 0x00007ff8061c7000 	C:\WINDOWS\SYSTEM32\CRYPTSP.dll
0x00007ff805950000 - 0x00007ff805983000 	C:\WINDOWS\system32\rsaenh.dll
0x00007ff8066c0000 - 0x00007ff8066eb000 	C:\WINDOWS\SYSTEM32\bcrypt.dll
0x00007ff805c00000 - 0x00007ff805c1f000 	C:\WINDOWS\SYSTEM32\USERENV.dll
0x00007ff805f10000 - 0x00007ff805f1b000 	C:\WINDOWS\SYSTEM32\CRYPTBASE.dll
0x00007ff805ad0000 - 0x00007ff805b08000 	C:\WINDOWS\SYSTEM32\IPHLPAPI.DLL
0x00007ff809d60000 - 0x00007ff809d68000 	C:\WINDOWS\System32\NSI.dll
0x00007ff801010000 - 0x00007ff801026000 	C:\WINDOWS\SYSTEM32\dhcpcsvc6.DLL
0x00007ff801050000 - 0x00007ff80106a000 	C:\WINDOWS\SYSTEM32\dhcpcsvc.DLL
0x000000006a780000 - 0x000000006a78d000 	C:\Program Files\Java\jdk1.8.0_101\jre\bin\management.dll

VM Arguments:
jvm_args: -Xmx1536m -Dfile.encoding=windows-1251 -Duser.country=RU -Duser.language=ru -Duser.variant 
java_command: org.gradle.launcher.daemon.bootstrap.GradleDaemon 2.14.1
java_class_path (initial): C:\Program Files\Android\Android Studio\gradle\gradle-2.14.1\lib\gradle-launcher-2.14.1.jar
Launcher Type: SUN_STANDARD

Environment Variables:
PATH=C:\ProgramData\Oracle\Java\javapath;C:\WINDOWS\system32;C:\WINDOWS;C:\WINDOWS\System32\Wbem;C:\WINDOWS\System32\WindowsPowerShell\v1.0\;C:\Program Files (x86)\ATI Technologies\ATI.ACE\Core-Static;C:\Program Files (x86)\Windows Kits\10\Windows Performance Toolkit\;C:\Program Files\Microsoft SQL Server\130\Tools\Binn\;C:\Program Files\dotnet\;C:\Program Files (x86)\Skype\Phone\;C:\Users\kolya\AppData\Local\Microsoft\WindowsApps;C:\Users\kolya\AppData\Local\Programs\Git\cmd
USERNAME=kolya
OS=Windows_NT
PROCESSOR_IDENTIFIER=Intel64 Family 6 Model 58 Stepping 9, GenuineIntel



---------------  S Y S T E M  ---------------

OS: Windows 10.0 , 64 bit Build 14393 (10.0.14393.0)

CPU:total 8 (4 cores per cpu, 2 threads per core) family 6 model 58 stepping 9, cmov, cx8, fxsr, mmx, sse, sse2, sse3, ssse3, sse4.1, sse4.2, popcnt, avx, aes, clmul, erms, ht, tsc, tscinvbit, tscinv

Memory: 4k page, physical 8342052k(1628384k free), swap 14371364k(5712k free)

vm_info: Java HotSpot(TM) 64-Bit Server VM (25.101-b13) for windows-amd64 JRE (1.8.0_101-b13), built on Jun 22 2016 01:21:29 by "java_re" with MS VC++ 10.0 (VS2010)

time: Sun Mar 26 16:30:12 2017
elapsed time: 1 seconds (0d 0h 0m 1s)

